#
# There is insufficient memory for the Java Runtime Environment to continue.
# Native memory allocation (mmap) failed to map 134217728 bytes for Failed to commit area from 0x0000000080000000 to 0x0000000088000000 of length 134217728.
# Possible reasons:
#   The system is out of physical RAM or swap space
#   The process is running with CompressedOops enabled, and the Java Heap may be blocking the growth of the native heap
# Possible solutions:
#   Reduce memory load on the system
#   Increase physical memory or swap space
#   Check if swap backing store is full
#   Decrease Java heap size (-Xmx/-Xms)
#   Decrease number of Java threads
#   Decrease Java thread stack sizes (-Xss)
#   Set larger code cache with -XX:ReservedCodeCacheSize=
# This output file may be truncated or incomplete.
#
#  Out of Memory Error (./open/src/hotspot/os/windows/os_windows.cpp:3276), pid=9636, tid=9416
#
# JRE version:  (11.0.13+10) (build )
# Java VM: Java HotSpot(TM) 64-Bit Server VM (11.0.13+10-LTS-370, mixed mode, sharing, tiered, compressed oops, g1 gc, windows-amd64)
# No core dump will be written. Minidumps are not enabled by default on client versions of Windows
#

---------------  S U M M A R Y ------------

Command Line: C:\Users\sfjbs\AppData\Local\Temp\surefire5369884845583889990\surefirebooter3380279703952042076.jar C:\Users\sfjbs\AppData\Local\Temp\surefire5369884845583889990 2022-05-24T03-48-15_771-jvmRun1 surefire7065607602367318211tmp surefire_08025621883989083746tmp

Host: Intel(R) Xeon(R) Platinum 8171M CPU @ 2.60GHz, 2 cores, 7G,  Windows 10 , 64 bit Build 19041 (10.0.19041.1706)
Time: Tue May 24 03:48:17 2022 Coordinated Universal Time elapsed time: 0.020961 seconds (0d 0h 0m 0s)

---------------  T H R E A D  ---------------

Current thread (0x00000196bf8f5000):  JavaThread "Unknown thread" [_thread_in_vm, id=9416, stack(0x0000007aeba00000,0x0000007aebb00000)]

Stack: [0x0000007aeba00000,0x0000007aebb00000]
Native frames: (J=compiled Java code, j=interpreted, Vv=VM code, C=native code)
V  [jvm.dll+0x62870a]
V  [jvm.dll+0x761f2f]
V  [jvm.dll+0x7635d9]
V  [jvm.dll+0x763c63]
V  [jvm.dll+0x23d728]
V  [jvm.dll+0x625aba]
V  [jvm.dll+0x61a855]
V  [jvm.dll+0x2f242c]
V  [jvm.dll+0x2f22b2]
V  [jvm.dll+0x2f6fd6]
V  [jvm.dll+0x3395ff]
V  [jvm.dll+0x339030]
V  [jvm.dll+0x2cfa38]
V  [jvm.dll+0x2d0ba6]
V  [jvm.dll+0x73c547]
V  [jvm.dll+0x73dddf]
V  [jvm.dll+0x346369]
V  [jvm.dll+0x721e60]
V  [jvm.dll+0x3b500f]
V  [jvm.dll+0x3b7121]
C  [jli.dll+0x5207]
C  [ucrtbase.dll+0x21bb2]
C  [KERNEL32.DLL+0x17034]
C  [ntdll.dll+0x52651]


---------------  P R O C E S S  ---------------

Threads class SMR info:
_java_thread_list=0x00000196bdfa2cd0, length=0, elements={
}

Java Threads: ( => current thread )

Other Threads:
  0x00000196bf90a000 GCTaskThread "GC Thread#0" [stack: 0x0000007aebb00000,0x0000007aebc00000] [id=6604]
  0x00000196bf93e000 ConcurrentGCThread "G1 Main Marker" [stack: 0x0000007aebc00000,0x0000007aebd00000] [id=6972]
  0x00000196bf940000 ConcurrentGCThread "G1 Conc#0" [stack: 0x0000007aebd00000,0x0000007aebe00000] [id=8132]

[error occurred during error reporting (printing all threads), id 0xc0000005, EXCEPTION_ACCESS_VIOLATION (0xc0000005) at pc=0x00007ff910e1ecc7]

VM state:not at safepoint (not fully initialized)

VM Mutex/Monitor currently owned by a thread:  ([mutex/lock_event])
[0x00000196bf8f35c0] Heap_lock - owner thread: 0x00000196bf8f5000

Heap address: 0x0000000080000000, size: 2048 MB, Compressed Oops mode: Non-zero based: 0x0000000080000000
Narrow klass base: 0x0000000000000000, Narrow klass shift: 0

GC Heap History (0 events):
No events

Deoptimization events (0 events):
No events

Classes redefined (0 events):
No events

Internal exceptions (0 events):
No events

Events (0 events):
No events


Dynamic libraries:
0x00007ff641b90000 - 0x00007ff641b9f000 	C:\Program Files\Java\jdk-11.0.13\bin\java.exe
0x00007ff93b210000 - 0x00007ff93b405000 	C:\Windows\SYSTEM32\ntdll.dll
0x00007ff93ac90000 - 0x00007ff93ad4d000 	C:\Windows\System32\KERNEL32.DLL
0x00007ff938c60000 - 0x00007ff938f2d000 	C:\Windows\System32\KERNELBASE.dll
0x00007ff939160000 - 0x00007ff939260000 	C:\Windows\System32\ucrtbase.dll
0x00007ff9221b0000 - 0x00007ff9221c5000 	C:\Program Files\Java\jdk-11.0.13\bin\VCRUNTIME140.dll
0x00007ff9222f0000 - 0x00007ff922308000 	C:\Program Files\Java\jdk-11.0.13\bin\jli.dll
0x00007ff9395f0000 - 0x00007ff93969e000 	C:\Windows\System32\ADVAPI32.dll
0x00007ff93a430000 - 0x00007ff93a4ce000 	C:\Windows\System32\msvcrt.dll
0x00007ff93ae70000 - 0x00007ff93af0c000 	C:\Windows\System32\sechost.dll
0x00007ff93a4d0000 - 0x00007ff93a5f5000 	C:\Windows\System32\RPCRT4.dll
0x00007ff91ac60000 - 0x00007ff91aefa000 	C:\Windows\WinSxS\amd64_microsoft.windows.common-controls_6595b64144ccf1df_6.0.19041.1110_none_60b5254171f9507e\COMCTL32.dll
0x00007ff9395c0000 - 0x00007ff9395ea000 	C:\Windows\System32\GDI32.dll
0x00007ff938920000 - 0x00007ff938942000 	C:\Windows\System32\win32u.dll
0x00007ff938ae0000 - 0x00007ff938beb000 	C:\Windows\System32\gdi32full.dll
0x00007ff938f30000 - 0x00007ff938fcd000 	C:\Windows\System32\msvcp_win.dll
0x00007ff93a600000 - 0x00007ff93a7a0000 	C:\Windows\System32\USER32.dll
0x00007ff930830000 - 0x00007ff93083a000 	C:\Windows\SYSTEM32\VERSION.dll
0x00007ff93b1a0000 - 0x00007ff93b1d0000 	C:\Windows\System32\IMM32.DLL
0x00007ff9144d0000 - 0x00007ff91456b000 	C:\Program Files\Java\jdk-11.0.13\bin\msvcp140.dll
0x00007ff910b40000 - 0x00007ff911653000 	C:\Program Files\Java\jdk-11.0.13\bin\server\jvm.dll
0x00007ff93a7a0000 - 0x00007ff93a7a8000 	C:\Windows\System32\PSAPI.DLL
0x00007ff926180000 - 0x00007ff926189000 	C:\Windows\SYSTEM32\WSOCK32.dll
0x00007ff919620000 - 0x00007ff919647000 	C:\Windows\SYSTEM32\WINMM.dll
0x00007ff93a9f0000 - 0x00007ff93aa5b000 	C:\Windows\System32\WS2_32.dll
0x00007ff936800000 - 0x00007ff936812000 	C:\Windows\SYSTEM32\kernel.appcore.dll
0x00007ff934330000 - 0x00007ff934340000 	C:\Program Files\Java\jdk-11.0.13\bin\verify.dll
0x00007ff9285c0000 - 0x00007ff9287a4000 	C:\Windows\SYSTEM32\DBGHELP.DLL
0x00007ff928590000 - 0x00007ff9285bc000 	C:\Windows\SYSTEM32\dbgcore.DLL
0x00007ff9390d0000 - 0x00007ff939152000 	C:\Windows\System32\bcryptPrimitives.dll
0x00007ff921f20000 - 0x00007ff921f48000 	C:\Program Files\Java\jdk-11.0.13\bin\java.dll
0x00007ff926050000 - 0x00007ff92605a000 	C:\Program Files\Java\jdk-11.0.13\bin\jimage.dll
0x00007ff9218b0000 - 0x00007ff9218c6000 	C:\Program Files\Java\jdk-11.0.13\bin\zip.dll

dbghelp: loaded successfully - version: 4.0.5 - missing functions: none
symbol engine: initialized successfully - sym options: 0x614 - pdb path: .;C:\Program Files\Java\jdk-11.0.13\bin;C:\Windows\SYSTEM32;C:\Windows\WinSxS\amd64_microsoft.windows.common-controls_6595b64144ccf1df_6.0.19041.1110_none_60b5254171f9507e;C:\Program Files\Java\jdk-11.0.13\bin\server

VM Arguments:
java_command: C:\Users\sfjbs\AppData\Local\Temp\surefire5369884845583889990\surefirebooter3380279703952042076.jar C:\Users\sfjbs\AppData\Local\Temp\surefire5369884845583889990 2022-05-24T03-48-15_771-jvmRun1 surefire7065607602367318211tmp surefire_08025621883989083746tmp
java_class_path (initial): C:\Users\sfjbs\AppData\Local\Temp\surefire5369884845583889990\surefirebooter3380279703952042076.jar
Launcher Type: SUN_STANDARD

[Global flags]
     intx CICompilerCount                          = 2                                         {product} {ergonomic}
     uint ConcGCThreads                            = 1                                         {product} {ergonomic}
     uint G1ConcRefinementThreads                  = 2                                         {product} {ergonomic}
   size_t G1HeapRegionSize                         = 1048576                                   {product} {ergonomic}
    uintx GCDrainStackTargetSize                   = 64                                        {product} {ergonomic}
   size_t InitialHeapSize                          = 134217728                                 {product} {ergonomic}
   size_t MarkStackSize                            = 4194304                                   {product} {ergonomic}
   size_t MaxHeapSize                              = 2147483648                                {product} {ergonomic}
   size_t MinHeapDeltaBytes                        = 1048576                                   {product} {ergonomic}
    uintx NonNMethodCodeHeapSize                   = 5825164                                {pd product} {ergonomic}
    uintx NonProfiledCodeHeapSize                  = 122916538                              {pd product} {ergonomic}
    uintx ProfiledCodeHeapSize                     = 122916538                              {pd product} {ergonomic}
    uintx ReservedCodeCacheSize                    = 251658240                              {pd product} {ergonomic}
     bool SegmentedCodeCache                       = true                                      {product} {ergonomic}
     bool UseCompressedClassPointers               = true                                 {lp64_product} {ergonomic}
     bool UseCompressedOops                        = true                                 {lp64_product} {ergonomic}
     bool UseG1GC                                  = true                                      {product} {ergonomic}
     bool UseLargePagesIndividualAllocation        = false                                  {pd product} {ergonomic}

Logging:
Log output configuration:
 #0: stdout all=warning uptime,level,tags
 #1: stderr all=off uptime,level,tags

Environment Variables:
PATH=C:/Users/sfjbs/Downloads/sts-4.14.1.RELEASE//plugins/org.eclipse.justj.openjdk.hotspot.jre.full.win32.x86_64_17.0.2.v20220201-1208/jre/bin/server;C:/Users/sfjbs/Downloads/sts-4.14.1.RELEASE//plugins/org.eclipse.justj.openjdk.hotspot.jre.full.win32.x86_64_17.0.2.v20220201-1208/jre/bin;C:\Windows\system32;C:\Windows;C:\Windows\System32\Wbem;C:\Windows\System32\WindowsPowerShell\v1.0\;C:\Windows\System32\OpenSSH\;C:\Users\sfjbs\Downloads\javamicro-20220514T070502Z-001\javamicro\apache-maven-3.8.5-bin\apache-maven-3.8.5\bin;C:\Users\sfjbs\Downloads\javamicro-20220514T070502Z-001\javamicro\apache-maven-3.8.5-bin\apache-maven-3.8.5\lib;C:\Program Files\Git\cmd;C:\Program Files\Docker\Docker\resources\bin;C:\ProgramData\DockerDesktop\version-bin;C:\Users\sfjbs\AppData\Local\Microsoft\WindowsApps;C:\Users\sfjbs\Downloads\javamicro-20220514T070502Z-001\javamicro\apache-maven-3.8.5-bin\apache-maven-3.8.5\bin;C:\Users\sfjbs\Downloads\javamicro-20220514T070502Z-001\javamicro\apache-maven-3.8.5-bin\apache-maven-3.8.5\lib;;C:\Program Files\JetBrains\IntelliJ IDEA Community Edition 2021.3.3\bin;;C:\Users\sfjbs\Downloads\sts-4.14.1.RELEASE;
USERNAME=sfjbs
OS=Windows_NT
PROCESSOR_IDENTIFIER=Intel64 Family 6 Model 85 Stepping 4, GenuineIntel



---------------  S Y S T E M  ---------------

OS: Windows 10 , 64 bit Build 19041 (10.0.19041.1706)
Hyper-V role detected

CPU:total 2 (initial active 2) (1 cores per cpu, 2 threads per core) family 6 model 85 stepping 4 microcode 0xffffffff, cmov, cx8, fxsr, mmx, sse, sse2, sse3, ssse3, sse4.1, sse4.2, popcnt, avx, avx2, aes, clmul, erms, rtm, 3dnowpref, lzcnt, ht, tsc, bmi1, bmi2, adx, fma

Memory: 4k page, system-wide physical 8190M (400M free)
TotalPageFile size 10238M (AvailPageFile size 45M)
current process WorkingSet (physical memory assigned to process): 9M, peak: 9M
current process commit charge ("private bytes"): 47M, peak: 175M

vm_info: Java HotSpot(TM) 64-Bit Server VM (11.0.13+10-LTS-370) for windows-amd64 JRE (11.0.13+10-LTS-370), built on Sep 15 2021 22:10:36 by "mach5one" with MS VC++ 15.9 (VS2017)

END.
